<?xml version="1.0" encoding="UTF-8"?>
<testsuite name="com.bridgelabz.facebook.pompages.ScrollBar" tests="1" skipped="0" failures="0" errors="0" timestamp="2020-01-24T04:53:02" hostname="admin" time="10.124">
  <properties/>
  <testcase name="ByPixel" classname="com.bridgelabz.facebook.pompages.ScrollBar" time="10.124"/>
  <system-out><![CDATA[]]></system-out>
  <system-err><![CDATA[Starting ChromeDriver 79.0.3945.36 (3582db32b33893869b8c1339e8f4d9ed1816f143-refs/branch-heads/3945@{#614}) on port 7493
Only local connections are allowed.
Please protect ports used by ChromeDriver and related test frameworks to prevent access by malicious code.
Jan 24, 2020 10:23:03 AM org.openqa.selenium.remote.ProtocolHandshake createSession
INFO: Detected dialect: W3C
]]></system-err>
</testsuite>
