<?xml version="1.0" encoding="UTF-8"?>
<testsuite name="com.bridgelabz.facebook.scripts.TestFaceBook" tests="1" skipped="0" failures="0" errors="0" timestamp="2020-01-17T12:07:25" hostname="admin" time="36.902">
  <properties/>
  <testcase name="testFaceBookLogin" classname="com.bridgelabz.facebook.scripts.TestFaceBook" time="36.902"/>
  <system-out><![CDATA[]]></system-out>
  <system-err><![CDATA[]]></system-err>
</testsuite>
