<?xml version="1.0" encoding="UTF-8"?>
<testsuite name="com.bridgelabz.facebook.scripts.TestFaceBook" tests="1" skipped="0" failures="0" errors="0" timestamp="2020-01-25T07:04:15" hostname="admin" time="5.289">
  <properties/>
  <testcase name="testAutoInputDate" classname="com.bridgelabz.facebook.scripts.TestFaceBook" time="5.289"/>
  <system-out><![CDATA[]]></system-out>
  <system-err><![CDATA[]]></system-err>
</testsuite>
