<?xml version="1.0" encoding="UTF-8"?>
<testsuite name="com.bridgelabz.facebook.scripts.TestFaceBook" tests="1" skipped="0" failures="0" errors="0" timestamp="2020-01-22T04:34:22" hostname="admin" time="5.275">
  <properties/>
  <testcase name="testAutoInputDate" classname="com.bridgelabz.facebook.scripts.TestFaceBook" time="5.275"/>
  <system-out><![CDATA[]]></system-out>
  <system-err><![CDATA[]]></system-err>
</testsuite>
