<?xml version="1.0" encoding="UTF-8"?>
<testsuite name="com.bridgelabz.facebook.scripts.TestFaceBook" tests="1" skipped="0" failures="0" errors="0" timestamp="2020-01-18T10:39:44" hostname="admin" time="47.717">
  <properties/>
  <testcase name="testUploadProfilePicture" classname="com.bridgelabz.facebook.scripts.TestFaceBook" time="47.717"/>
  <system-out><![CDATA[]]></system-out>
  <system-err><![CDATA[]]></system-err>
</testsuite>
